[2026-04-13 13:35:46] 🔌 Handshake started...
[2026-04-13 13:35:56] ⚠️  Connection Error: timed out during handshake
[2026-04-13 13:35:59] 🔌 Handshake started...
[2026-04-13 13:36:00] ⚠️  Connection Error: received 1008 (policy violation) Your API key was reported as leaked. Please use another API key.; then sent 1008 (policy violation) Your API key was reported as leaked. Please use another API key.
[2026-04-13 13:36:03] 🔌 Handshake started...
[2026-04-13 13:36:03] ⚠️  Connection Error: received 1008 (policy violation) Your API key was reported as leaked. Please use another API key.; then sent 1008 (policy violation) Your API key was reported as leaked. Please use another API key.
[2026-04-13 13:36:06] 🔌 Handshake started...
[2026-04-13 13:36:07] ⚠️  Connection Error: received 1008 (policy violation) Your API key was reported as leaked. Please use another API key.; then sent 1008 (policy violation) Your API key was reported as leaked. Please use another API key.
[2026-04-13 13:36:10] 🔌 Handshake started...
[2026-04-13 13:36:11] ⚠️  Connection Error: received 1008 (policy violation) Your API key was reported as leaked. Please use another API key.; then sent 1008 (policy violation) Your API key was reported as leaked. Please use another API key.
[2026-04-13 13:36:14] 🔌 Handshake started...
[2026-04-13 13:36:22] ⚠️  Connection Error: received 1008 (policy violation) Your API key was reported as leaked. Please use another API key.; then sent 1008 (policy violation) Your API key was reported as leaked. Please use another API key.
[2026-04-13 13:36:25] 🔌 Handshake started...
[2026-04-13 13:36:26] ⚠️  Connection Error: received 1008 (policy violation) Your API key was reported as leaked. Please use another API key.; then sent 1008 (policy violation) Your API key was reported as leaked. Please use another API key.
[2026-04-13 13:36:29] 🔌 Handshake started...
[2026-04-13 13:36:29] ⚠️  Connection Error: received 1008 (policy violation) Your API key was reported as leaked. Please use another API key.; then sent 1008 (policy violation) Your API key was reported as leaked. Please use another API key.
[2026-04-13 13:36:32] 🔌 Handshake started...
[2026-04-13 13:36:42] ⚠️  Connection Error: timed out during handshake
[2026-04-13 13:36:45] 🔌 Handshake started...
[2026-04-13 13:36:46] ⚠️  Connection Error: received 1008 (policy violation) Your API key was reported as leaked. Please use another API key.; then sent 1008 (policy violation) Your API key was reported as leaked. Please use another API key.
[2026-04-13 13:36:49] 🔌 Handshake started...
[2026-04-13 13:36:51] ⚠️  Connection Error: received 1008 (policy violation) Your API key was reported as leaked. Please use another API key.; then sent 1008 (policy violation) Your API key was reported as leaked. Please use another API key.
[2026-04-13 13:36:54] 🔌 Handshake started...
[2026-04-13 13:36:57] ⚠️  Connection Error: received 1008 (policy violation) Your API key was reported as leaked. Please use another API key.; then sent 1008 (policy violation) Your API key was reported as leaked. Please use another API key.
[2026-04-13 13:37:00] 🔌 Handshake started...
[2026-04-13 13:37:01] ⚠️  Connection Error: received 1008 (policy violation) Your API key was reported as leaked. Please use another API key.; then sent 1008 (policy violation) Your API key was reported as leaked. Please use another API key.
[2026-04-13 13:37:04] 🔌 Handshake started...
[2026-04-13 13:37:05] ⚠️  Connection Error: received 1008 (policy violation) Your API key was reported as leaked. Please use another API key.; then sent 1008 (policy violation) Your API key was reported as leaked. Please use another API key.
[2026-04-13 13:37:08] 🔌 Handshake started...
[2026-04-13 13:37:09] ⚠️  Connection Error: received 1008 (policy violation) Your API key was reported as leaked. Please use another API key.; then sent 1008 (policy violation) Your API key was reported as leaked. Please use another API key.
[2026-04-13 13:37:12] 🔌 Handshake started...
[2026-04-13 13:37:15] ⚠️  Connection Error: received 1008 (policy violation) Your API key was reported as leaked. Please use another API key.; then sent 1008 (policy violation) Your API key was reported as leaked. Please use another API key.
[2026-04-13 13:37:18] 🔌 Handshake started...
[2026-04-13 13:37:19] ⚠️  Connection Error: received 1008 (policy violation) Your API key was reported as leaked. Please use another API key.; then sent 1008 (policy violation) Your API key was reported as leaked. Please use another API key.
[2026-04-13 13:37:22] 🔌 Handshake started...
[2026-04-13 13:37:23] ⚠️  Connection Error: received 1008 (policy violation) Your API key was reported as leaked. Please use another API key.; then sent 1008 (policy violation) Your API key was reported as leaked. Please use another API key.
[2026-04-13 13:37:26] 🔌 Handshake started...
[2026-04-13 13:37:26] ⚠️  Connection Error: received 1008 (policy violation) Your API key was reported as leaked. Please use another API key.; then sent 1008 (policy violation) Your API key was reported as leaked. Please use another API key.
[2026-04-13 13:37:29] 🔌 Handshake started...
[2026-04-13 13:37:30] ⚠️  Connection Error: received 1008 (policy violation) Your API key was reported as leaked. Please use another API key.; then sent 1008 (policy violation) Your API key was reported as leaked. Please use another API key.
[2026-04-13 13:37:33] 🔌 Handshake started...
[2026-04-13 13:37:34] ⚠️  Connection Error: received 1008 (policy violation) Your API key was reported as leaked. Please use another API key.; then sent 1008 (policy violation) Your API key was reported as leaked. Please use another API key.
[2026-04-13 13:37:37] 🔌 Handshake started...
[2026-04-13 13:37:45] ⚠️  Connection Error: received 1008 (policy violation) Your API key was reported as leaked. Please use another API key.; then sent 1008 (policy violation) Your API key was reported as leaked. Please use another API key.
[2026-04-13 13:37:53] 🔌 Handshake started...
[2026-04-13 13:37:54] ✅ Sovereign Link Established.
[2026-04-13 13:37:54] 🎤 Initializing microphone stream...
[2026-04-13 13:37:54] 🎤 Microphone stream active.
[2026-04-13 13:41:30] ⚠️  Connection Error: unhandled errors in a TaskGroup (2 sub-exceptions)
[2026-04-13 13:41:33] 🔌 Handshake started...
[2026-04-13 13:41:40] ✅ Sovereign Link Established.
[2026-04-13 13:41:40] 🎤 Initializing microphone stream...
[2026-04-13 13:41:41] 🎤 Microphone stream active.
[2026-04-13 13:50:14] 🔌 Handshake started...
[2026-04-13 13:50:24] ⚠️  Connection Error: timed out during handshake
[2026-04-13 13:50:27] 🔌 Handshake started...
[2026-04-13 13:50:28] ✅ Sovereign Link Established.
[2026-04-13 13:50:28] 🎤 Initializing microphone stream...
[2026-04-13 13:50:28] 🎤 Microphone stream active.
